#RUN  1
#TIM  2020-12-16 14:28:09
#MOT  tth  th  chi  phi  sxmono  phen  delay  delaytime  laseren  lasermj  vtth  m1z  m1x  m2z  m2x  m3z  m3x  m4z  m4x  atten1  atten2  samy  samx  samz  samphi  samchi
#VAL  -30.0002  31.0002  90.0000  0.0000  995.9481  900.0000  0.0000  0.0000  1.3555  0.0405  0.0000  52.0000  -2.0000  45.0000  0.5000  50.0000  0.0000  50.0000  0.9996  0.0000  0.0730  -4.5000  0.0000  33.0020  3.9825  0.0000
#HKL  -0.000000  -0.123381  -0.345341
#LAT  3.8100  3.8100  13.2400  90.0000  90.0000  90.0000
#OR0  61.2598  25.4799  90.0000  0.0000  0.0000  0.0000  1.0000  13.2887
#OR1  137.2815  158.6700  90.0000  0.0000  0.0000  1.0000  0.0000  7.2083
#MODE  3  0.0000  0.0000  0.0000  0.0000  0.0000  0.0000  0.0000
#REF  0.0000  1.0000  0.0000
#LLA  -1.0000e+00
#ATT  Al  0  Si  0
#CMD  pulsescan 20
#COL  N  pos  ct  ts  digi1_0  digi1_1  digi1_2  digi1_3  digi2_0  digi2_1  digi2_2  digi2_3  sx_eh_gmd_0  sx_eh_gmd_1  sx_oh_gmd_0  sx_oh_gmd_1
0  0  1  4195944635126503408  -4.234e-12  3.659e-13  -3.973e-13  -6.295e-13  2.093e-08  -2.610e-09  -4.780e-10  1.696e-10  1.385e-13  -5.018e-13  5.783e-13  -1.004e-12
1  0  2  4195944635226511380  -2.877e-12  -2.188e-13  -6.602e-13  -3.647e-13  -7.823e-09  2.256e-09  -7.139e-10  9.622e-11  9.759e-14  -1.299e-13  1.190e-13  -2.620e-12
2  0  3  4195944635326519352  3.573e-12  -1.542e-12  -9.597e-13  -1.766e-12  -5.925e-09  -1.208e-08  -6.690e-10  1.151e-10  -1.017e-13  -6.452e-13  2.094e-13  7.099e-14
3  0  4  4195944635426527324  4.956e-12  -9.052e-13  -8.288e-13  -1.390e-12  7.577e-11  -6.836e-09  6.235e-10  2.737e-11  5.541e-14  -8.457e-13  6.251e-14  -4.483e-12
4  0  5  4195944635526404224  8.246e-14  -1.318e-12  4.432e-13  -1.536e-12  1.030e-08  -1.455e-08  6.415e-10  1.129e-10  -7.892e-14  -1.324e-12  1.612e-13  1.202e-12
5  0  6  4195944638921431204  -3.420e-12  -1.227e-12  -4.692e-13  -8.712e-13  2.125e-08  -4.166e-09  -4.458e-10  1.013e-10  1.112e-13  7.630e-13  -4.157e-13  -4.393e-12
6  0  7  4195944639021439176  9.396e-12  -4.883e-13  4.730e-13  7.068e-13  2.381e-09  -2.166e-09  -6.618e-10  9.955e-11  4.180e-14  9.714e-13  -2.541e-13  4.493e-13
7  0  8  4195944639121316076  -2.474e-12  2.242e-13  -1.561e-12  -1.939e-13  2.528e-09  -3.823e-09  -8.467e-10  8.767e-11  -2.022e-15  4.269e-13  -1.809e-13  -1.045e-12
8  0  9  4195944639221324048  -2.174e-12  -9.462e-13  -2.240e-13  5.195e-13  3.316e-09  6.399e-09  3.939e-10  1.419e-10  1.645e-14  2.136e-12  9.806e-14  -3.774e-12
9  0  10  4195944639321332020  -4.983e-12  -3.121e-13  -8.929e-13  -2.396e-13  1.137e-08  6.433e-10  -9.030e-10  1.106e-10  -1.625e-14  1.151e-12  5.177e-13  -4.330e-13
10  0  11  4195944639421339992  2.114e-12  1.123e-13  -2.141e-13  -6.059e-14  -6.537e-09  -8.914e-09  2.609e-10  -1.425e-11  8.735e-15  9.924e-13  1.171e-13  1.336e-12
11  0  12  4195944639521347964  -6.722e-12  5.234e-14  -1.225e-12  -5.557e-13  -2.836e-10  -2.541e-09  9.777e-10  -3.499e-11  3.928e-14  3.423e-13  -1.871e-13  1.494e-12
12  0  13  4195944639621224864  1.061e-12  -5.144e-13  -8.269e-13  -1.391e-12  1.195e-09  -3.303e-09  -4.137e-10  6.313e-11  -3.831e-14  -9.502e-13  3.711e-13  2.924e-12
13  0  14  4195944639721232836  -3.470e-12  -9.481e-13  -5.654e-13  -1.890e-12  -1.976e-08  3.896e-09  -7.565e-10  1.296e-11  -9.160e-15  -1.607e-12  -3.445e-13  -6.183e-12
14  0  15  4195944639821240808  2.551e-12  -1.018e-12  -5.295e-13  -8.908e-13  1.843e-08  1.405e-08  -1.854e-10  8.646e-11  -2.122e-13  3.435e-12  3.875e-13  -2.707e-12
15  0  16  4195944643216136716  -7.815e-13  -3.260e-14  3.559e-13  -3.233e-13  1.199e-08  2.012e-08  -9.348e-10  6.672e-11  3.459e-14  -3.951e-13  4.841e-13  -8.440e-13
16  0  17  4195944643316144688  5.827e-12  -1.599e-12  -9.373e-13  -3.439e-12  -2.578e-08  1.054e-08  1.046e-09  5.328e-12  9.948e-14  -4.303e-12  7.021e-13  -5.307e-13
17  0  18  4195944643416152660  5.151e-12  -8.736e-13  -1.613e-12  -1.981e-12  1.197e-09  2.350e-09  1.484e-10  1.134e-10  -9.137e-14  1.573e-12  -4.599e-13  -3.007e-12
18  0  19  4195944643516160632  1.163e-13  -1.373e-12  -4.128e-13  -1.548e-12  -5.351e-10  -9.322e-10  -3.484e-10  7.128e-11  1.830e-13  1.921e-12  -1.137e-13  1.136e-12
19  0  20  4195944643616168604  1.320e-12  -2.421e-13  -5.050e-13  -4.778e-13  9.063e-09  9.055e-09  4.312e-10  1.842e-10  4.243e-15  -1.145e-12  4.776e-13  7.186e-13

